Using pre-set license
Built from '2020.3/staging' branch; Version is '2020.3.38f1 (8f5fde82e2dc) revision 9396190'; Using compiler version '192528614'; Build Type 'Release'
OS: 'Windows 10  (10.0.19044) 64bit Professional' Language: 'uk' Physical Memory: 8043 MB
BatchMode: 1, IsHumanControllingUs: 0, StartBugReporterOnCrash: 0, Is64bit: 1, IsPro: 0

COMMAND LINE ARGUMENTS:
D:\Unity Editor\2020.3.38f1\Editor\Unity.exe
-adb2
-batchMode
-noUpm
-name
AssetImportWorker0
-projectPath
D:/Users/Asus/Documents/GitHub/3D-Game-Audio-Effects/3D-Game-Audio-Effects
-logFile
Logs/AssetImportWorker0.log
-srvPort
1385
Successfully changed project path to: D:/Users/Asus/Documents/GitHub/3D-Game-Audio-Effects/3D-Game-Audio-Effects
D:/Users/Asus/Documents/GitHub/3D-Game-Audio-Effects/3D-Game-Audio-Effects
Using Asset Import Pipeline V2.
Refreshing native plugins compatible for Editor in 101.64 ms, found 2 plugins.
Preloading 0 native plugins for Editor in 0.00 ms.
Initialize engine version: 2020.3.38f1 (8f5fde82e2dc)
[Subsystems] Discovering subsystems at path D:/Unity Editor/2020.3.38f1/Editor/Data/Resources/UnitySubsystems
[Subsystems] Discovering subsystems at path D:/Users/Asus/Documents/GitHub/3D-Game-Audio-Effects/3D-Game-Audio-Effects/Assets
GfxDevice: creating device client; threaded=0
Direct3D:
    Version:  Direct3D 11.0 [level 11.1]
    Renderer: Intel(R) UHD Graphics 630 (ID=0x3e9b)
    Vendor:   
    VRAM:     4021 MB
    Driver:   25.20.100.6617
Initialize mono
Mono path[0] = 'D:/Unity Editor/2020.3.38f1/Editor/Data/Managed'
Mono path[1] = 'D:/Unity Editor/2020.3.38f1/Editor/Data/MonoBleedingEdge/lib/mono/unityjit'
Mono config path = 'D:/Unity Editor/2020.3.38f1/Editor/Data/MonoBleedingEdge/etc'
Using monoOptions --debugger-agent=transport=dt_socket,embedding=1,server=y,suspend=n,address=127.0.0.1:56972
Begin MonoManager ReloadAssembly
Registering precompiled unity dll's ...
Register platform support module: D:/Unity Editor/2020.3.38f1/Editor/Data/PlaybackEngines/WindowsStandaloneSupport/UnityEditor.WindowsStandalone.Extensions.dll
Registered in 0.003047 seconds.
Native extension for WindowsStandalone target not found
Refreshing native plugins compatible for Editor in 81.63 ms, found 2 plugins.
Preloading 0 native plugins for Editor in 0.00 ms.
Mono: successfully reloaded assembly
- Completed reload, in  1.716 seconds
Domain Reload Profiling:
	ReloadAssembly (1716ms)
		BeginReloadAssembly (185ms)
			ExecutionOrderSort (0ms)
			DisableScriptedObjects (0ms)
			BackupInstance (0ms)
			ReleaseScriptingObjects (0ms)
			CreateAndSetChildDomain (2ms)
		EndReloadAssembly (1352ms)
			LoadAssemblies (185ms)
			RebuildTransferFunctionScriptingTraits (0ms)
			SetupTypeCache (439ms)
			ReleaseScriptCaches (0ms)
			RebuildScriptCaches (85ms)
			SetupLoadedEditorAssemblies (503ms)
				LogAssemblyErrors (0ms)
				InitializePlatformSupportModulesInManaged (11ms)
				SetLoadedEditorAssemblies (0ms)
				RefreshPlugins (82ms)
				BeforeProcessingInitializeOnLoad (39ms)
				ProcessInitializeOnLoadAttributes (290ms)
				ProcessInitializeOnLoadMethodAttributes (80ms)
				AfterProcessingInitializeOnLoad (0ms)
				EditorAssembliesLoaded (1ms)
			ExecutionOrderSort2 (0ms)
			AwakeInstancesAfterBackupRestoration (0ms)
Platform modules already initialized, skipping
Registering precompiled user dll's ...
Registered in 0.007280 seconds.
Begin MonoManager ReloadAssembly
Native extension for WindowsStandalone target not found
Refreshing native plugins compatible for Editor in 0.94 ms, found 2 plugins.
Preloading 0 native plugins for Editor in 0.00 ms.
Mono: successfully reloaded assembly
- Completed reload, in  3.218 seconds
Domain Reload Profiling:
	ReloadAssembly (3220ms)
		BeginReloadAssembly (537ms)
			ExecutionOrderSort (0ms)
			DisableScriptedObjects (18ms)
			BackupInstance (0ms)
			ReleaseScriptingObjects (0ms)
			CreateAndSetChildDomain (51ms)
		EndReloadAssembly (2475ms)
			LoadAssemblies (374ms)
			RebuildTransferFunctionScriptingTraits (0ms)
			SetupTypeCache (837ms)
			ReleaseScriptCaches (1ms)
			RebuildScriptCaches (128ms)
			SetupLoadedEditorAssemblies (1009ms)
				LogAssemblyErrors (0ms)
				InitializePlatformSupportModulesInManaged (11ms)
				SetLoadedEditorAssemblies (1ms)
				RefreshPlugins (1ms)
				BeforeProcessingInitializeOnLoad (254ms)
				ProcessInitializeOnLoadAttributes (687ms)
				ProcessInitializeOnLoadMethodAttributes (46ms)
				AfterProcessingInitializeOnLoad (8ms)
				EditorAssembliesLoaded (1ms)
			ExecutionOrderSort2 (0ms)
			AwakeInstancesAfterBackupRestoration (6ms)
Platform modules already initialized, skipping
========================================================================
Worker process is ready to serve import requests
Launched and connected shader compiler UnityShaderCompiler.exe after 0.13 seconds
Refreshing native plugins compatible for Editor in 0.81 ms, found 2 plugins.
Preloading 0 native plugins for Editor in 0.00 ms.
Unloading 1559 Unused Serialized files (Serialized files now loaded: 0)
System memory in use before: 71.6 MB.
System memory in use after: 71.7 MB.

Unloading 16 unused Assets to reduce memory usage. Loaded Objects now: 1996.
Total: 7.737200 ms (FindLiveObjects: 0.339000 ms CreateObjectMapping: 0.226400 ms MarkObjects: 7.044400 ms  DeleteObjects: 0.125400 ms)

AssetImportParameters requested are different than current active one (requested -> active):
  custom:framework-win-MediaFoundation: 216162199b28c13a410421893ffa2e32 -> 
  custom:video-decoder-ogg-theora: a1e56fd34408186e4bbccfd4996cb3dc -> 
  custom:container-muxer-webm: aa71ff27fc2769a1b78a27578f13a17b -> 
  custom:container-demuxer-webm: 4f35f7cbe854078d1ac9338744f61a02 -> 
  custom:container-demuxer-ogg: 62fdf1f143b41e24485cea50d1cbac27 -> 
  custom:video-encoder-webm-vp8: eb34c28f22e8b96e1ab97ce403110664 -> 
  custom:video-decoder-webm-vp8: 9c59270c3fd7afecdb556c50c9e8de78 -> 
  custom:audio-decoder-ogg-vorbis: bf7c407c2cedff20999df2af8eb42d56 -> 
  custom:audio-encoder-webm-vorbis: bf7c407c2cedff20999df2af8eb42d56 -> 
========================================================================
Received Import Request.
  path: Assets/Other/Editor
  artifactKey: Guid(6a0958a56c9d78a4f9e6d485bcac0d44) Importer(815301076,1909f56bfc062723c751e8b465ee728b)
Start importing Assets/Other/Editor using Guid(6a0958a56c9d78a4f9e6d485bcac0d44) Importer(815301076,1909f56bfc062723c751e8b465ee728b)  -> (artifact id: '13b4484e6fd22c9fce2c92cb3868ffab') in 0.010427 seconds 
========================================================================
Received Import Request.
  Time since last request: 0.000462 seconds.
  path: Assets/Other/Editor/CrossPlatformInput
  artifactKey: Guid(696c0e7b8c74e1442acbf15c2df9e72d) Importer(815301076,1909f56bfc062723c751e8b465ee728b)
Start importing Assets/Other/Editor/CrossPlatformInput using Guid(696c0e7b8c74e1442acbf15c2df9e72d) Importer(815301076,1909f56bfc062723c751e8b465ee728b)  -> (artifact id: '2c1447110521513d38b6b57125a46394') in 0.007764 seconds 
========================================================================
Received Import Request.
  Time since last request: 2.282418 seconds.
  path: Assets/Other/Characters
  artifactKey: Guid(8c32f58513a41ef4dab9cb7704c5fb92) Importer(815301076,1909f56bfc062723c751e8b465ee728b)
Start importing Assets/Other/Characters using Guid(8c32f58513a41ef4dab9cb7704c5fb92) Importer(815301076,1909f56bfc062723c751e8b465ee728b)  -> (artifact id: 'b5650032b0934e15e70c8529e6984721') in 0.007273 seconds 
========================================================================
Received Import Request.
  Time since last request: 0.693954 seconds.
  path: Assets/Other/Characters/FirstPersonCharacter
  artifactKey: Guid(943e057eaae705e43b9e9b2e53d6adb0) Importer(815301076,1909f56bfc062723c751e8b465ee728b)
Start importing Assets/Other/Characters/FirstPersonCharacter using Guid(943e057eaae705e43b9e9b2e53d6adb0) Importer(815301076,1909f56bfc062723c751e8b465ee728b)  -> (artifact id: 'e76d2a5c6af3c4e2140c7adf1ce08441') in 0.006750 seconds 
========================================================================
Received Prepare
Registering precompiled user dll's ...
Registered in 0.002880 seconds.
Begin MonoManager ReloadAssembly
Native extension for WindowsStandalone target not found
Refreshing native plugins compatible for Editor in 0.73 ms, found 2 plugins.
Preloading 0 native plugins for Editor in 0.00 ms.
Mono: successfully reloaded assembly
- Completed reload, in  2.743 seconds
Domain Reload Profiling:
	ReloadAssembly (2744ms)
		BeginReloadAssembly (237ms)
			ExecutionOrderSort (0ms)
			DisableScriptedObjects (6ms)
			BackupInstance (0ms)
			ReleaseScriptingObjects (0ms)
			CreateAndSetChildDomain (48ms)
		EndReloadAssembly (2342ms)
			LoadAssemblies (293ms)
			RebuildTransferFunctionScriptingTraits (0ms)
			SetupTypeCache (797ms)
			ReleaseScriptCaches (2ms)
			RebuildScriptCaches (106ms)
			SetupLoadedEditorAssemblies (909ms)
				LogAssemblyErrors (0ms)
				InitializePlatformSupportModulesInManaged (11ms)
				SetLoadedEditorAssemblies (1ms)
				RefreshPlugins (1ms)
				BeforeProcessingInitializeOnLoad (259ms)
				ProcessInitializeOnLoadAttributes (581ms)
				ProcessInitializeOnLoadMethodAttributes (47ms)
				AfterProcessingInitializeOnLoad (8ms)
				EditorAssembliesLoaded (1ms)
			ExecutionOrderSort2 (0ms)
			AwakeInstancesAfterBackupRestoration (8ms)
Platform modules already initialized, skipping
Refreshing native plugins compatible for Editor in 0.74 ms, found 2 plugins.
Preloading 0 native plugins for Editor in 0.00 ms.
Unloading 1552 Unused Serialized files (Serialized files now loaded: 0)
System memory in use before: 71.4 MB.
System memory in use after: 71.5 MB.

Unloading 11 unused Assets to reduce memory usage. Loaded Objects now: 1999.
Total: 6.036400 ms (FindLiveObjects: 0.329800 ms CreateObjectMapping: 0.130400 ms MarkObjects: 5.519400 ms  DeleteObjects: 0.054600 ms)

AssetImportParameters requested are different than current active one (requested -> active):
  custom:framework-win-MediaFoundation: 216162199b28c13a410421893ffa2e32 -> 
  custom:video-decoder-ogg-theora: a1e56fd34408186e4bbccfd4996cb3dc -> 
  custom:container-muxer-webm: aa71ff27fc2769a1b78a27578f13a17b -> 
  custom:container-demuxer-webm: 4f35f7cbe854078d1ac9338744f61a02 -> 
  custom:container-demuxer-ogg: 62fdf1f143b41e24485cea50d1cbac27 -> 
  custom:video-encoder-webm-vp8: eb34c28f22e8b96e1ab97ce403110664 -> 
  custom:video-decoder-webm-vp8: 9c59270c3fd7afecdb556c50c9e8de78 -> 
  custom:audio-decoder-ogg-vorbis: bf7c407c2cedff20999df2af8eb42d56 -> 
  custom:audio-encoder-webm-vorbis: bf7c407c2cedff20999df2af8eb42d56 -> 
========================================================================
Received Import Request.
  Time since last request: 76.237489 seconds.
  path: Assets/Other/Characters/FirstPersonCharacter/Audio
  artifactKey: Guid(2dac79461900e0f4c93561031c2e6902) Importer(815301076,1909f56bfc062723c751e8b465ee728b)
Start importing Assets/Other/Characters/FirstPersonCharacter/Audio using Guid(2dac79461900e0f4c93561031c2e6902) Importer(815301076,1909f56bfc062723c751e8b465ee728b)  -> (artifact id: 'd583c7661700b8769eb6ec9872358390') in 0.012953 seconds 
========================================================================
Received Import Request.
  Time since last request: 0.048365 seconds.
  path: Assets/Other/Characters/FirstPersonCharacter/Audio/Footstep01.wav
  artifactKey: Guid(42e65e088b3f4374e851b8dbd38f3df9) Importer(815301076,1909f56bfc062723c751e8b465ee728b)
Start importing Assets/Other/Characters/FirstPersonCharacter/Audio/Footstep01.wav using Guid(42e65e088b3f4374e851b8dbd38f3df9) Importer(815301076,1909f56bfc062723c751e8b465ee728b)  -> (artifact id: '6ba9d340793b38c73ca1c0cf27e473ca') in 0.358912 seconds 
========================================================================
Received Import Request.
  Time since last request: 0.000654 seconds.
  path: Assets/Other/Characters/FirstPersonCharacter/Audio/Land.wav
  artifactKey: Guid(3b09d59f4499d45428baa7a21e954296) Importer(815301076,1909f56bfc062723c751e8b465ee728b)
Start importing Assets/Other/Characters/FirstPersonCharacter/Audio/Land.wav using Guid(3b09d59f4499d45428baa7a21e954296) Importer(815301076,1909f56bfc062723c751e8b465ee728b)  -> (artifact id: '18a71a8cf3116499a49e464eb426cb89') in 0.030534 seconds 
========================================================================
Received Import Request.
  Time since last request: 0.000565 seconds.
  path: Assets/Other/Characters/FirstPersonCharacter/Audio/Footstep03.wav
  artifactKey: Guid(5a9383dda6cabc047b7a297602e93eb4) Importer(815301076,1909f56bfc062723c751e8b465ee728b)
Start importing Assets/Other/Characters/FirstPersonCharacter/Audio/Footstep03.wav using Guid(5a9383dda6cabc047b7a297602e93eb4) Importer(815301076,1909f56bfc062723c751e8b465ee728b)  -> (artifact id: '3911e440f56196af0dc898019a000e2e') in 0.014823 seconds 
========================================================================
Received Import Request.
  Time since last request: 0.000520 seconds.
  path: Assets/Other/Characters/FirstPersonCharacter/Audio/Footstep02.wav
  artifactKey: Guid(8bc94ec6ed537e743b481638bdcd503d) Importer(815301076,1909f56bfc062723c751e8b465ee728b)
Start importing Assets/Other/Characters/FirstPersonCharacter/Audio/Footstep02.wav using Guid(8bc94ec6ed537e743b481638bdcd503d) Importer(815301076,1909f56bfc062723c751e8b465ee728b)  -> (artifact id: 'eef60fd460eeee25b6d55346e65d9073') in 0.023529 seconds 
========================================================================
Received Import Request.
  Time since last request: 0.000857 seconds.
  path: Assets/Other/Characters/FirstPersonCharacter/Audio/Jump.wav
  artifactKey: Guid(5897aeed9b676024fbb8c694b421a861) Importer(815301076,1909f56bfc062723c751e8b465ee728b)
Start importing Assets/Other/Characters/FirstPersonCharacter/Audio/Jump.wav using Guid(5897aeed9b676024fbb8c694b421a861) Importer(815301076,1909f56bfc062723c751e8b465ee728b)  -> (artifact id: '2aa3043a19dda6fea9a68d800fc8c6e3') in 0.026184 seconds 
========================================================================
Received Import Request.
  Time since last request: 0.000771 seconds.
  path: Assets/Other/Characters/FirstPersonCharacter/Audio/Footstep04.wav
  artifactKey: Guid(e9714160ce34f2b4ab63ff8c27bd68e1) Importer(815301076,1909f56bfc062723c751e8b465ee728b)
Start importing Assets/Other/Characters/FirstPersonCharacter/Audio/Footstep04.wav using Guid(e9714160ce34f2b4ab63ff8c27bd68e1) Importer(815301076,1909f56bfc062723c751e8b465ee728b)  -> (artifact id: '97480bb47ccebbc771cc53c84119a1fb') in 0.028116 seconds 
========================================================================
Received Prepare
Registering precompiled user dll's ...
Registered in 0.006964 seconds.
Begin MonoManager ReloadAssembly
Native extension for WindowsStandalone target not found
Refreshing native plugins compatible for Editor in 0.73 ms, found 2 plugins.
Preloading 0 native plugins for Editor in 0.00 ms.
Mono: successfully reloaded assembly
- Completed reload, in  3.009 seconds
Domain Reload Profiling:
	ReloadAssembly (3010ms)
		BeginReloadAssembly (386ms)
			ExecutionOrderSort (0ms)
			DisableScriptedObjects (14ms)
			BackupInstance (0ms)
			ReleaseScriptingObjects (0ms)
			CreateAndSetChildDomain (99ms)
		EndReloadAssembly (2446ms)
			LoadAssemblies (347ms)
			RebuildTransferFunctionScriptingTraits (0ms)
			SetupTypeCache (859ms)
			ReleaseScriptCaches (2ms)
			RebuildScriptCaches (143ms)
			SetupLoadedEditorAssemblies (926ms)
				LogAssemblyErrors (0ms)
				InitializePlatformSupportModulesInManaged (10ms)
				SetLoadedEditorAssemblies (1ms)
				RefreshPlugins (1ms)
				BeforeProcessingInitializeOnLoad (222ms)
				ProcessInitializeOnLoadAttributes (645ms)
				ProcessInitializeOnLoadMethodAttributes (38ms)
				AfterProcessingInitializeOnLoad (7ms)
				EditorAssembliesLoaded (1ms)
			ExecutionOrderSort2 (0ms)
			AwakeInstancesAfterBackupRestoration (5ms)
Platform modules already initialized, skipping
Refreshing native plugins compatible for Editor in 1.36 ms, found 2 plugins.
Preloading 0 native plugins for Editor in 0.00 ms.
Unloading 1552 Unused Serialized files (Serialized files now loaded: 0)
System memory in use before: 74.6 MB.
System memory in use after: 74.7 MB.

Unloading 11 unused Assets to reduce memory usage. Loaded Objects now: 2012.
Total: 3.211700 ms (FindLiveObjects: 0.156000 ms CreateObjectMapping: 0.062100 ms MarkObjects: 2.957200 ms  DeleteObjects: 0.035200 ms)

AssetImportParameters requested are different than current active one (requested -> active):
  custom:framework-win-MediaFoundation: 216162199b28c13a410421893ffa2e32 -> 
  custom:video-decoder-ogg-theora: a1e56fd34408186e4bbccfd4996cb3dc -> 
  custom:container-muxer-webm: aa71ff27fc2769a1b78a27578f13a17b -> 
  custom:container-demuxer-webm: 4f35f7cbe854078d1ac9338744f61a02 -> 
  custom:container-demuxer-ogg: 62fdf1f143b41e24485cea50d1cbac27 -> 
  custom:video-encoder-webm-vp8: eb34c28f22e8b96e1ab97ce403110664 -> 
  custom:video-decoder-webm-vp8: 9c59270c3fd7afecdb556c50c9e8de78 -> 
  custom:audio-decoder-ogg-vorbis: bf7c407c2cedff20999df2af8eb42d56 -> 
  custom:audio-encoder-webm-vorbis: bf7c407c2cedff20999df2af8eb42d56 -> 
========================================================================
Received Import Request.
  Time since last request: 276.904594 seconds.
  path: Assets/Other/Characters/FirstPersonCharacter/Audio/wooden-stairs-in-1.flac
  artifactKey: Guid(51e3b343a86ac0a4e86269d09f5fe303) Importer(815301076,1909f56bfc062723c751e8b465ee728b)
Start importing Assets/Other/Characters/FirstPersonCharacter/Audio/wooden-stairs-in-1.flac using Guid(51e3b343a86ac0a4e86269d09f5fe303) Importer(815301076,1909f56bfc062723c751e8b465ee728b)  -> (artifact id: '2a2af805e6bd49492c545081c065f916') in 0.159739 seconds 
========================================================================
Received Import Request.
  Time since last request: 0.000539 seconds.
  path: Assets/Other/Characters/FirstPersonCharacter/Audio/wooden-stairs-in-2.flac
  artifactKey: Guid(71d9326b4ebef5547a3089ab3e2cb191) Importer(815301076,1909f56bfc062723c751e8b465ee728b)
Start importing Assets/Other/Characters/FirstPersonCharacter/Audio/wooden-stairs-in-2.flac using Guid(71d9326b4ebef5547a3089ab3e2cb191) Importer(815301076,1909f56bfc062723c751e8b465ee728b)  -> (artifact id: 'ca4a03150d37591bee03370204adf721') in 0.022125 seconds 
========================================================================
Received Import Request.
  Time since last request: 0.000600 seconds.
  path: Assets/Other/Characters/FirstPersonCharacter/Audio/wooden-stairs-out-1.flac
  artifactKey: Guid(4f911bb528b051a4686692d68633af4b) Importer(815301076,1909f56bfc062723c751e8b465ee728b)
Start importing Assets/Other/Characters/FirstPersonCharacter/Audio/wooden-stairs-out-1.flac using Guid(4f911bb528b051a4686692d68633af4b) Importer(815301076,1909f56bfc062723c751e8b465ee728b)  -> (artifact id: '0eab8cb0add545d9f8b7d8dc97e91953') in 0.021310 seconds 
========================================================================
Received Import Request.
  Time since last request: 0.000674 seconds.
  path: Assets/Other/Characters/FirstPersonCharacter/Audio/wooden-stairs-out-2.flac
  artifactKey: Guid(956c9757993dc2c498f1e2882ec722ab) Importer(815301076,1909f56bfc062723c751e8b465ee728b)
Start importing Assets/Other/Characters/FirstPersonCharacter/Audio/wooden-stairs-out-2.flac using Guid(956c9757993dc2c498f1e2882ec722ab) Importer(815301076,1909f56bfc062723c751e8b465ee728b)  -> (artifact id: '92db887a1277575bc153f25ed79602f7') in 0.027771 seconds 
========================================================================
Received Prepare
Registering precompiled user dll's ...
Registered in 0.012571 seconds.
Begin MonoManager ReloadAssembly
Native extension for WindowsStandalone target not found
Refreshing native plugins compatible for Editor in 0.68 ms, found 2 plugins.
Preloading 0 native plugins for Editor in 0.00 ms.
Mono: successfully reloaded assembly
- Completed reload, in  4.151 seconds
Domain Reload Profiling:
	ReloadAssembly (4153ms)
		BeginReloadAssembly (892ms)
			ExecutionOrderSort (0ms)
			DisableScriptedObjects (20ms)
			BackupInstance (0ms)
			ReleaseScriptingObjects (0ms)
			CreateAndSetChildDomain (126ms)
		EndReloadAssembly (3006ms)
			LoadAssemblies (1283ms)
			RebuildTransferFunctionScriptingTraits (0ms)
			SetupTypeCache (892ms)
			ReleaseScriptCaches (2ms)
			RebuildScriptCaches (108ms)
			SetupLoadedEditorAssemblies (861ms)
				LogAssemblyErrors (0ms)
				InitializePlatformSupportModulesInManaged (10ms)
				SetLoadedEditorAssemblies (1ms)
				RefreshPlugins (1ms)
				BeforeProcessingInitializeOnLoad (188ms)
				ProcessInitializeOnLoadAttributes (518ms)
				ProcessInitializeOnLoadMethodAttributes (132ms)
				AfterProcessingInitializeOnLoad (10ms)
				EditorAssembliesLoaded (1ms)
			ExecutionOrderSort2 (0ms)
			AwakeInstancesAfterBackupRestoration (9ms)
Platform modules already initialized, skipping
Refreshing native plugins compatible for Editor in 0.94 ms, found 2 plugins.
Preloading 0 native plugins for Editor in 0.00 ms.
Unloading 1552 Unused Serialized files (Serialized files now loaded: 0)
System memory in use before: 74.6 MB.
System memory in use after: 74.7 MB.

Unloading 11 unused Assets to reduce memory usage. Loaded Objects now: 2016.
Total: 4.675100 ms (FindLiveObjects: 0.301100 ms CreateObjectMapping: 0.152400 ms MarkObjects: 4.191500 ms  DeleteObjects: 0.028500 ms)

AssetImportParameters requested are different than current active one (requested -> active):
  custom:framework-win-MediaFoundation: 216162199b28c13a410421893ffa2e32 -> 
  custom:video-decoder-ogg-theora: a1e56fd34408186e4bbccfd4996cb3dc -> 
  custom:container-muxer-webm: aa71ff27fc2769a1b78a27578f13a17b -> 
  custom:container-demuxer-webm: 4f35f7cbe854078d1ac9338744f61a02 -> 
  custom:container-demuxer-ogg: 62fdf1f143b41e24485cea50d1cbac27 -> 
  custom:video-encoder-webm-vp8: eb34c28f22e8b96e1ab97ce403110664 -> 
  custom:video-decoder-webm-vp8: 9c59270c3fd7afecdb556c50c9e8de78 -> 
  custom:audio-decoder-ogg-vorbis: bf7c407c2cedff20999df2af8eb42d56 -> 
  custom:audio-encoder-webm-vorbis: bf7c407c2cedff20999df2af8eb42d56 -> 
========================================================================
Received Import Request.
  Time since last request: 555.291065 seconds.
  path: Assets/Other/Characters/FirstPersonCharacter/Scripts
  artifactKey: Guid(314f49b24dc9d5d40956a7b28c67b237) Importer(815301076,1909f56bfc062723c751e8b465ee728b)
Start importing Assets/Other/Characters/FirstPersonCharacter/Scripts using Guid(314f49b24dc9d5d40956a7b28c67b237) Importer(815301076,1909f56bfc062723c751e8b465ee728b)  -> (artifact id: 'd32fbe8560bbe0831389ae7483a0feee') in 0.014309 seconds 
========================================================================
Received Import Request.
  Time since last request: 1.815080 seconds.
  path: Assets/Other/Characters/FirstPersonCharacter/Scripts/MouseLook.cs
  artifactKey: Guid(37e60a97f2c87ae41b6cdc1055d78cb9) Importer(815301076,1909f56bfc062723c751e8b465ee728b)
Start importing Assets/Other/Characters/FirstPersonCharacter/Scripts/MouseLook.cs using Guid(37e60a97f2c87ae41b6cdc1055d78cb9) Importer(815301076,1909f56bfc062723c751e8b465ee728b)  -> (artifact id: 'fa76df078277f226d3761f652a2e256b') in 0.027512 seconds 
========================================================================
Received Import Request.
  Time since last request: 3.225005 seconds.
  path: Assets/Other/Characters/FirstPersonCharacter/Scripts/RigidbodyFirstPersonController.cs
  artifactKey: Guid(81c9795a96c094f4cbde4d65546aa9b2) Importer(815301076,1909f56bfc062723c751e8b465ee728b)
Start importing Assets/Other/Characters/FirstPersonCharacter/Scripts/RigidbodyFirstPersonController.cs using Guid(81c9795a96c094f4cbde4d65546aa9b2) Importer(815301076,1909f56bfc062723c751e8b465ee728b)  -> (artifact id: '0e43531ac252d709ed5f0f0dffd97f92') in 0.004449 seconds 
========================================================================
Received Prepare
Registering precompiled user dll's ...
Registered in 0.006489 seconds.
Begin MonoManager ReloadAssembly
Native extension for WindowsStandalone target not found
Refreshing native plugins compatible for Editor in 0.65 ms, found 2 plugins.
Preloading 0 native plugins for Editor in 0.00 ms.
Mono: successfully reloaded assembly
- Completed reload, in  2.590 seconds
Domain Reload Profiling:
	ReloadAssembly (2591ms)
		BeginReloadAssembly (351ms)
			ExecutionOrderSort (0ms)
			DisableScriptedObjects (15ms)
			BackupInstance (0ms)
			ReleaseScriptingObjects (0ms)
			CreateAndSetChildDomain (93ms)
		EndReloadAssembly (2066ms)
			LoadAssemblies (316ms)
			RebuildTransferFunctionScriptingTraits (0ms)
			SetupTypeCache (736ms)
			ReleaseScriptCaches (2ms)
			RebuildScriptCaches (106ms)
			SetupLoadedEditorAssemblies (771ms)
				LogAssemblyErrors (0ms)
				InitializePlatformSupportModulesInManaged (12ms)
				SetLoadedEditorAssemblies (1ms)
				RefreshPlugins (1ms)
				BeforeProcessingInitializeOnLoad (199ms)
				ProcessInitializeOnLoadAttributes (515ms)
				ProcessInitializeOnLoadMethodAttributes (36ms)
				AfterProcessingInitializeOnLoad (7ms)
				EditorAssembliesLoaded (1ms)
			ExecutionOrderSort2 (0ms)
			AwakeInstancesAfterBackupRestoration (5ms)
Platform modules already initialized, skipping
Refreshing native plugins compatible for Editor in 1.03 ms, found 2 plugins.
Preloading 0 native plugins for Editor in 0.00 ms.
Unloading 1552 Unused Serialized files (Serialized files now loaded: 0)
System memory in use before: 74.6 MB.
System memory in use after: 74.7 MB.

Unloading 11 unused Assets to reduce memory usage. Loaded Objects now: 2019.
Total: 5.834800 ms (FindLiveObjects: 0.153200 ms CreateObjectMapping: 0.054100 ms MarkObjects: 5.584300 ms  DeleteObjects: 0.041500 ms)

AssetImportParameters requested are different than current active one (requested -> active):
  custom:framework-win-MediaFoundation: 216162199b28c13a410421893ffa2e32 -> 
  custom:video-decoder-ogg-theora: a1e56fd34408186e4bbccfd4996cb3dc -> 
  custom:container-muxer-webm: aa71ff27fc2769a1b78a27578f13a17b -> 
  custom:container-demuxer-webm: 4f35f7cbe854078d1ac9338744f61a02 -> 
  custom:container-demuxer-ogg: 62fdf1f143b41e24485cea50d1cbac27 -> 
  custom:video-encoder-webm-vp8: eb34c28f22e8b96e1ab97ce403110664 -> 
  custom:video-decoder-webm-vp8: 9c59270c3fd7afecdb556c50c9e8de78 -> 
  custom:audio-decoder-ogg-vorbis: bf7c407c2cedff20999df2af8eb42d56 -> 
  custom:audio-encoder-webm-vorbis: bf7c407c2cedff20999df2af8eb42d56 -> 
========================================================================
Received Import Request.
  Time since last request: 252.056373 seconds.
  path: Assets/Other/Characters/FirstPersonCharacter/Audio/Footstep01.flac
  artifactKey: Guid(51e3b343a86ac0a4e86269d09f5fe303) Importer(815301076,1909f56bfc062723c751e8b465ee728b)
Start importing Assets/Other/Characters/FirstPersonCharacter/Audio/Footstep01.flac using Guid(51e3b343a86ac0a4e86269d09f5fe303) Importer(815301076,1909f56bfc062723c751e8b465ee728b)  -> (artifact id: '1b87599c11f5a32238f48852135cd8ae') in 0.185823 seconds 
========================================================================
Received Import Request.
  Time since last request: 14.333951 seconds.
  path: Assets/Other/Characters/FirstPersonCharacter/Audio/Footstep02.flac
  artifactKey: Guid(4f911bb528b051a4686692d68633af4b) Importer(815301076,1909f56bfc062723c751e8b465ee728b)
Start importing Assets/Other/Characters/FirstPersonCharacter/Audio/Footstep02.flac using Guid(4f911bb528b051a4686692d68633af4b) Importer(815301076,1909f56bfc062723c751e8b465ee728b)  -> (artifact id: '0e7c035968457abe168000cbcc1d4463') in 0.040087 seconds 
========================================================================
Received Import Request.
  Time since last request: 32.685011 seconds.
  path: Assets/Materials/stepstone_1.wav
  artifactKey: Guid(22c5760a2c788604ba570b7016f96080) Importer(815301076,1909f56bfc062723c751e8b465ee728b)
Start importing Assets/Materials/stepstone_1.wav using Guid(22c5760a2c788604ba570b7016f96080) Importer(815301076,1909f56bfc062723c751e8b465ee728b)  -> (artifact id: '284099b9f4a2bfe496ca78d1446d5646') in 0.113578 seconds 
========================================================================
Received Import Request.
  Time since last request: 0.000820 seconds.
  path: Assets/Materials/stepstone_2.wav
  artifactKey: Guid(a3f649b307d067547bf09896241b449f) Importer(815301076,1909f56bfc062723c751e8b465ee728b)
Start importing Assets/Materials/stepstone_2.wav using Guid(a3f649b307d067547bf09896241b449f) Importer(815301076,1909f56bfc062723c751e8b465ee728b)  -> (artifact id: 'e371bddbfd6463cf90a98edc91fa97f7') in 0.074146 seconds 
========================================================================
Received Prepare
Registering precompiled user dll's ...
Registered in 0.005938 seconds.
Begin MonoManager ReloadAssembly
Native extension for WindowsStandalone target not found
Refreshing native plugins compatible for Editor in 0.79 ms, found 2 plugins.
Preloading 0 native plugins for Editor in 0.00 ms.
Mono: successfully reloaded assembly
- Completed reload, in  2.828 seconds
Domain Reload Profiling:
	ReloadAssembly (2829ms)
		BeginReloadAssembly (258ms)
			ExecutionOrderSort (0ms)
			DisableScriptedObjects (10ms)
			BackupInstance (0ms)
			ReleaseScriptingObjects (0ms)
			CreateAndSetChildDomain (47ms)
		EndReloadAssembly (2422ms)
			LoadAssemblies (283ms)
			RebuildTransferFunctionScriptingTraits (0ms)
			SetupTypeCache (729ms)
			ReleaseScriptCaches (2ms)
			RebuildScriptCaches (125ms)
			SetupLoadedEditorAssemblies (993ms)
				LogAssemblyErrors (0ms)
				InitializePlatformSupportModulesInManaged (15ms)
				SetLoadedEditorAssemblies (2ms)
				RefreshPlugins (1ms)
				BeforeProcessingInitializeOnLoad (249ms)
				ProcessInitializeOnLoadAttributes (662ms)
				ProcessInitializeOnLoadMethodAttributes (50ms)
				AfterProcessingInitializeOnLoad (14ms)
				EditorAssembliesLoaded (1ms)
			ExecutionOrderSort2 (0ms)
			AwakeInstancesAfterBackupRestoration (8ms)
Platform modules already initialized, skipping
Refreshing native plugins compatible for Editor in 0.82 ms, found 2 plugins.
Preloading 0 native plugins for Editor in 0.00 ms.
Unloading 1552 Unused Serialized files (Serialized files now loaded: 0)
System memory in use before: 74.6 MB.
System memory in use after: 74.7 MB.

Unloading 11 unused Assets to reduce memory usage. Loaded Objects now: 2023.
Total: 9.121800 ms (FindLiveObjects: 0.399700 ms CreateObjectMapping: 0.201000 ms MarkObjects: 8.457400 ms  DeleteObjects: 0.061200 ms)

AssetImportParameters requested are different than current active one (requested -> active):
  custom:framework-win-MediaFoundation: 216162199b28c13a410421893ffa2e32 -> 
  custom:video-decoder-ogg-theora: a1e56fd34408186e4bbccfd4996cb3dc -> 
  custom:container-muxer-webm: aa71ff27fc2769a1b78a27578f13a17b -> 
  custom:container-demuxer-webm: 4f35f7cbe854078d1ac9338744f61a02 -> 
  custom:container-demuxer-ogg: 62fdf1f143b41e24485cea50d1cbac27 -> 
  custom:video-encoder-webm-vp8: eb34c28f22e8b96e1ab97ce403110664 -> 
  custom:video-decoder-webm-vp8: 9c59270c3fd7afecdb556c50c9e8de78 -> 
  custom:audio-decoder-ogg-vorbis: bf7c407c2cedff20999df2af8eb42d56 -> 
  custom:audio-encoder-webm-vorbis: bf7c407c2cedff20999df2af8eb42d56 -> 
========================================================================
Received Prepare
Registering precompiled user dll's ...
Registered in 0.004638 seconds.
Begin MonoManager ReloadAssembly
Native extension for WindowsStandalone target not found
Refreshing native plugins compatible for Editor in 0.79 ms, found 2 plugins.
Preloading 0 native plugins for Editor in 0.00 ms.
Mono: successfully reloaded assembly
- Completed reload, in  2.886 seconds
Domain Reload Profiling:
	ReloadAssembly (2887ms)
		BeginReloadAssembly (315ms)
			ExecutionOrderSort (0ms)
			DisableScriptedObjects (16ms)
			BackupInstance (0ms)
			ReleaseScriptingObjects (0ms)
			CreateAndSetChildDomain (91ms)
		EndReloadAssembly (2418ms)
			LoadAssemblies (308ms)
			RebuildTransferFunctionScriptingTraits (0ms)
			SetupTypeCache (863ms)
			ReleaseScriptCaches (2ms)
			RebuildScriptCaches (142ms)
			SetupLoadedEditorAssemblies (822ms)
				LogAssemblyErrors (0ms)
				InitializePlatformSupportModulesInManaged (14ms)
				SetLoadedEditorAssemblies (2ms)
				RefreshPlugins (1ms)
				BeforeProcessingInitializeOnLoad (201ms)
				ProcessInitializeOnLoadAttributes (555ms)
				ProcessInitializeOnLoadMethodAttributes (40ms)
				AfterProcessingInitializeOnLoad (8ms)
				EditorAssembliesLoaded (1ms)
			ExecutionOrderSort2 (0ms)
			AwakeInstancesAfterBackupRestoration (5ms)
Platform modules already initialized, skipping
Refreshing native plugins compatible for Editor in 0.98 ms, found 2 plugins.
Preloading 0 native plugins for Editor in 0.00 ms.
Unloading 1552 Unused Serialized files (Serialized files now loaded: 0)
System memory in use before: 74.6 MB.
System memory in use after: 74.8 MB.

Unloading 11 unused Assets to reduce memory usage. Loaded Objects now: 2026.
Total: 8.686500 ms (FindLiveObjects: 0.405400 ms CreateObjectMapping: 0.194300 ms MarkObjects: 8.021200 ms  DeleteObjects: 0.063100 ms)

AssetImportParameters requested are different than current active one (requested -> active):
  custom:framework-win-MediaFoundation: 216162199b28c13a410421893ffa2e32 -> 
  custom:video-decoder-ogg-theora: a1e56fd34408186e4bbccfd4996cb3dc -> 
  custom:container-muxer-webm: aa71ff27fc2769a1b78a27578f13a17b -> 
  custom:container-demuxer-webm: 4f35f7cbe854078d1ac9338744f61a02 -> 
  custom:container-demuxer-ogg: 62fdf1f143b41e24485cea50d1cbac27 -> 
  custom:video-encoder-webm-vp8: eb34c28f22e8b96e1ab97ce403110664 -> 
  custom:video-decoder-webm-vp8: 9c59270c3fd7afecdb556c50c9e8de78 -> 
  custom:audio-decoder-ogg-vorbis: bf7c407c2cedff20999df2af8eb42d56 -> 
  custom:audio-encoder-webm-vorbis: bf7c407c2cedff20999df2af8eb42d56 -> 
========================================================================
Received Import Request.
  Time since last request: 113.833193 seconds.
  path: Assets/Other/CrossPlatformInput
  artifactKey: Guid(710bc43f80d178548bd226c252c8e65b) Importer(815301076,1909f56bfc062723c751e8b465ee728b)
Start importing Assets/Other/CrossPlatformInput using Guid(710bc43f80d178548bd226c252c8e65b) Importer(815301076,1909f56bfc062723c751e8b465ee728b)  -> (artifact id: 'f0440b75555e41a3dfc5c595b03e89f7') in 0.012242 seconds 
========================================================================
Received Import Request.
  Time since last request: 38.102656 seconds.
  path: Assets/Other/Characters/FirstPersonCharacter/Audio/Footstep01.wav
  artifactKey: Guid(42e65e088b3f4374e851b8dbd38f3df9) Importer(815301076,1909f56bfc062723c751e8b465ee728b)
Start importing Assets/Other/Characters/FirstPersonCharacter/Audio/Footstep01.wav using Guid(42e65e088b3f4374e851b8dbd38f3df9) Importer(815301076,1909f56bfc062723c751e8b465ee728b)  -> (artifact id: '5104c4ffff9ac9b21aff687f2c4db5d0') in 0.161877 seconds 
========================================================================
Received Import Request.
  Time since last request: 4.446245 seconds.
  path: Assets/Other/Characters/FirstPersonCharacter/Audio/Footstep02.wav
  artifactKey: Guid(8bc94ec6ed537e743b481638bdcd503d) Importer(815301076,1909f56bfc062723c751e8b465ee728b)
Start importing Assets/Other/Characters/FirstPersonCharacter/Audio/Footstep02.wav using Guid(8bc94ec6ed537e743b481638bdcd503d) Importer(815301076,1909f56bfc062723c751e8b465ee728b)  -> (artifact id: 'cf3ba1a750adc5a5f6303126bdc40170') in 0.033547 seconds 
========================================================================
Received Import Request.
  Time since last request: 88.232433 seconds.
  path: Assets/Other/CrossPlatformInput/Scripts
  artifactKey: Guid(3f66eeca8ac36914e9ec9a716a9d9f73) Importer(815301076,1909f56bfc062723c751e8b465ee728b)
Start importing Assets/Other/CrossPlatformInput/Scripts using Guid(3f66eeca8ac36914e9ec9a716a9d9f73) Importer(815301076,1909f56bfc062723c751e8b465ee728b)  -> (artifact id: '1bbd0111b08f654058437323c44b0f36') in 0.007267 seconds 
========================================================================
Received Import Request.
  Time since last request: 4.916098 seconds.
  path: Assets/Other/CrossPlatformInput/Scripts/TouchPad.cs
  artifactKey: Guid(1caf40fc8bebb6b43b2550c05ca791d6) Importer(815301076,1909f56bfc062723c751e8b465ee728b)
Start importing Assets/Other/CrossPlatformInput/Scripts/TouchPad.cs using Guid(1caf40fc8bebb6b43b2550c05ca791d6) Importer(815301076,1909f56bfc062723c751e8b465ee728b)  -> (artifact id: '86d60b6ed587e897eedd43fc5f55da6d') in 0.004305 seconds 
========================================================================
Received Import Request.
  Time since last request: 0.927156 seconds.
  path: Assets/Other/CrossPlatformInput/Scripts/VirtualInput.cs
  artifactKey: Guid(0f57aeb1b8dce3342bea5c28ac17db24) Importer(815301076,1909f56bfc062723c751e8b465ee728b)
Start importing Assets/Other/CrossPlatformInput/Scripts/VirtualInput.cs using Guid(0f57aeb1b8dce3342bea5c28ac17db24) Importer(815301076,1909f56bfc062723c751e8b465ee728b)  -> (artifact id: '7e963df562280324841cc090e4eb0d39') in 0.004561 seconds 
========================================================================
Received Import Request.
  Time since last request: 0.730239 seconds.
  path: Assets/Other/CrossPlatformInput/Scripts/PlatformSpecific
  artifactKey: Guid(0bc72db1e9dcb9647818df5a07871127) Importer(815301076,1909f56bfc062723c751e8b465ee728b)
Start importing Assets/Other/CrossPlatformInput/Scripts/PlatformSpecific using Guid(0bc72db1e9dcb9647818df5a07871127) Importer(815301076,1909f56bfc062723c751e8b465ee728b)  -> (artifact id: '5d42a36842e069be8a41a2d0ba37cf84') in 0.005779 seconds 
========================================================================
Received Import Request.
  Time since last request: 0.777562 seconds.
  path: Assets/Other/CrossPlatformInput/Scripts/PlatformSpecific/MobileInput.cs
  artifactKey: Guid(9703d53e47195aa4190acd11369ccd1b) Importer(815301076,1909f56bfc062723c751e8b465ee728b)
Start importing Assets/Other/CrossPlatformInput/Scripts/PlatformSpecific/MobileInput.cs using Guid(9703d53e47195aa4190acd11369ccd1b) Importer(815301076,1909f56bfc062723c751e8b465ee728b)  -> (artifact id: '62f618b9ca59a76619672e91c0fa8822') in 0.128867 seconds 
========================================================================
Received Import Request.
  Time since last request: 1.897381 seconds.
  path: Assets/Other/CrossPlatformInput/Scripts/PlatformSpecific/StandaloneInput.cs
  artifactKey: Guid(9961032f4f02c4f41997c3ea399d2f22) Importer(815301076,1909f56bfc062723c751e8b465ee728b)
Start importing Assets/Other/CrossPlatformInput/Scripts/PlatformSpecific/StandaloneInput.cs using Guid(9961032f4f02c4f41997c3ea399d2f22) Importer(815301076,1909f56bfc062723c751e8b465ee728b)  -> (artifact id: 'c13cc30e4be2b0989e01aae1f4cdb0fc') in 0.004436 seconds 
========================================================================
Received Import Request.
  Time since last request: 1.705305 seconds.
  path: Assets/Tree.prefab
  artifactKey: Guid(f4aa5e8e098164c49b38558de4d50751) Importer(815301076,1909f56bfc062723c751e8b465ee728b)
Start importing Assets/Tree.prefab using Guid(f4aa5e8e098164c49b38558de4d50751) Importer(815301076,1909f56bfc062723c751e8b465ee728b)  -> (artifact id: '861cdad31a09e56986f5fbc2b901beed') in 2.517596 seconds 
========================================================================
Received Prepare
Registering precompiled user dll's ...
Registered in 0.004174 seconds.
Begin MonoManager ReloadAssembly
Native extension for WindowsStandalone target not found
Refreshing native plugins compatible for Editor in 0.80 ms, found 2 plugins.
Preloading 0 native plugins for Editor in 0.00 ms.
Mono: successfully reloaded assembly
- Completed reload, in  2.898 seconds
Domain Reload Profiling:
	ReloadAssembly (2899ms)
		BeginReloadAssembly (360ms)
			ExecutionOrderSort (0ms)
			DisableScriptedObjects (13ms)
			BackupInstance (0ms)
			ReleaseScriptingObjects (0ms)
			CreateAndSetChildDomain (87ms)
		EndReloadAssembly (2351ms)
			LoadAssemblies (363ms)
			RebuildTransferFunctionScriptingTraits (0ms)
			SetupTypeCache (772ms)
			ReleaseScriptCaches (2ms)
			RebuildScriptCaches (132ms)
			SetupLoadedEditorAssemblies (813ms)
				LogAssemblyErrors (0ms)
				InitializePlatformSupportModulesInManaged (14ms)
				SetLoadedEditorAssemblies (2ms)
				RefreshPlugins (1ms)
				BeforeProcessingInitializeOnLoad (233ms)
				ProcessInitializeOnLoadAttributes (518ms)
				ProcessInitializeOnLoadMethodAttributes (37ms)
				AfterProcessingInitializeOnLoad (7ms)
				EditorAssembliesLoaded (1ms)
			ExecutionOrderSort2 (0ms)
			AwakeInstancesAfterBackupRestoration (6ms)
Platform modules already initialized, skipping
Refreshing native plugins compatible for Editor in 1.24 ms, found 2 plugins.
Preloading 0 native plugins for Editor in 0.00 ms.
Unloading 1552 Unused Serialized files (Serialized files now loaded: 0)
System memory in use before: 75.5 MB.
System memory in use after: 75.6 MB.

Unloading 11 unused Assets to reduce memory usage. Loaded Objects now: 2070.
Total: 6.818200 ms (FindLiveObjects: 0.431100 ms CreateObjectMapping: 0.315200 ms MarkObjects: 6.027900 ms  DeleteObjects: 0.035300 ms)

AssetImportParameters requested are different than current active one (requested -> active):
  custom:framework-win-MediaFoundation: 216162199b28c13a410421893ffa2e32 -> 
  custom:video-decoder-ogg-theora: a1e56fd34408186e4bbccfd4996cb3dc -> 
  custom:container-muxer-webm: aa71ff27fc2769a1b78a27578f13a17b -> 
  custom:container-demuxer-webm: 4f35f7cbe854078d1ac9338744f61a02 -> 
  custom:container-demuxer-ogg: 62fdf1f143b41e24485cea50d1cbac27 -> 
  custom:video-encoder-webm-vp8: eb34c28f22e8b96e1ab97ce403110664 -> 
  custom:video-decoder-webm-vp8: 9c59270c3fd7afecdb556c50c9e8de78 -> 
  custom:audio-decoder-ogg-vorbis: bf7c407c2cedff20999df2af8eb42d56 -> 
  custom:audio-encoder-webm-vorbis: bf7c407c2cedff20999df2af8eb42d56 -> 
========================================================================
Received Import Request.
  Time since last request: 7.510527 seconds.
  path: Assets/Textures
  artifactKey: Guid(9feb647065fa9b44bbed8b3b4c7bc58f) Importer(815301076,1909f56bfc062723c751e8b465ee728b)
Start importing Assets/Textures using Guid(9feb647065fa9b44bbed8b3b4c7bc58f) Importer(815301076,1909f56bfc062723c751e8b465ee728b)  -> (artifact id: '0dafced787d648e743c2a40290719407') in 0.014105 seconds 
========================================================================
Received Import Request.
  Time since last request: 0.000753 seconds.
  path: Assets/Textures/9cc52a4e9ea7e750b8f103d3deedc5f6.jpg
  artifactKey: Guid(4c88d4178fd359545ae28520c0862c8a) Importer(815301076,1909f56bfc062723c751e8b465ee728b)
Start importing Assets/Textures/9cc52a4e9ea7e750b8f103d3deedc5f6.jpg using Guid(4c88d4178fd359545ae28520c0862c8a) Importer(815301076,1909f56bfc062723c751e8b465ee728b)  -> (artifact id: '96e1d00b77c4588ecf3f4bbbc9cf8a8f') in 0.168920 seconds 
========================================================================
Received Import Request.
  Time since last request: 0.000655 seconds.
  path: Assets/Textures/Ground.mat
  artifactKey: Guid(234d97715f080e3448d9220650462e5a) Importer(815301076,1909f56bfc062723c751e8b465ee728b)
Start importing Assets/Textures/Ground.mat using Guid(234d97715f080e3448d9220650462e5a) Importer(815301076,1909f56bfc062723c751e8b465ee728b)  -> (artifact id: '09e793d2aff7939eec5af422b579415c') in 0.153656 seconds 
========================================================================
Received Import Request.
  Time since last request: 0.000729 seconds.
  path: Assets/Textures/Cube.mat
  artifactKey: Guid(8f81ae44aecdc104088e94dc708bbdd2) Importer(815301076,1909f56bfc062723c751e8b465ee728b)
Start importing Assets/Textures/Cube.mat using Guid(8f81ae44aecdc104088e94dc708bbdd2) Importer(815301076,1909f56bfc062723c751e8b465ee728b)  -> (artifact id: 'cd404253bd113c1878b295a61191860f') in 0.078168 seconds 
========================================================================
Received Import Request.
  Time since last request: 0.000960 seconds.
  path: Assets/Textures/Finish1.mat
  artifactKey: Guid(199b86158f9f2da40823437d926b5129) Importer(815301076,1909f56bfc062723c751e8b465ee728b)
Start importing Assets/Textures/Finish1.mat using Guid(199b86158f9f2da40823437d926b5129) Importer(815301076,1909f56bfc062723c751e8b465ee728b)  -> (artifact id: 'f28837710147fc6dc570f7d35e3450be') in 0.043864 seconds 
========================================================================
Received Import Request.
  Time since last request: 0.000758 seconds.
  path: Assets/Textures/Floor.mat
  artifactKey: Guid(694f016492758a842a72410d3d850801) Importer(815301076,1909f56bfc062723c751e8b465ee728b)
Start importing Assets/Textures/Floor.mat using Guid(694f016492758a842a72410d3d850801) Importer(815301076,1909f56bfc062723c751e8b465ee728b)  -> (artifact id: '3d2c53475366cca949b7f5fbb842acca') in 0.047878 seconds 
========================================================================
Received Import Request.
  Time since last request: 0.000795 seconds.
  path: Assets/Textures/WoodFine0058_30_350.jpg
  artifactKey: Guid(259629f29d155d044aaf124ec164c4bb) Importer(815301076,1909f56bfc062723c751e8b465ee728b)
Start importing Assets/Textures/WoodFine0058_30_350.jpg using Guid(259629f29d155d044aaf124ec164c4bb) Importer(815301076,1909f56bfc062723c751e8b465ee728b)  -> (artifact id: '5d4180f05ecfdb6ac99f1dd9e7604b75') in 0.032360 seconds 
========================================================================
Received Import Request.
  Time since last request: 0.000754 seconds.
  path: Assets/Textures/Finish2.mat
  artifactKey: Guid(b42d9f46a03c76547aeedd7e7ad6150d) Importer(815301076,1909f56bfc062723c751e8b465ee728b)
Start importing Assets/Textures/Finish2.mat using Guid(b42d9f46a03c76547aeedd7e7ad6150d) Importer(815301076,1909f56bfc062723c751e8b465ee728b)  -> (artifact id: 'f61c803544035efba4df293eae78e3ac') in 0.047350 seconds 
========================================================================
Received Import Request.
  Time since last request: 0.000622 seconds.
  path: Assets/Textures/art-concrete-texture-background-black-1106646.jpg
  artifactKey: Guid(ee1ed78297f134e4f9377c4c53b19ac7) Importer(815301076,1909f56bfc062723c751e8b465ee728b)
Start importing Assets/Textures/art-concrete-texture-background-black-1106646.jpg using Guid(ee1ed78297f134e4f9377c4c53b19ac7) Importer(815301076,1909f56bfc062723c751e8b465ee728b)  -> (artifact id: '27a640f885af8be12fb2289158159b64') in 0.057106 seconds 
========================================================================
Received Import Request.
  Time since last request: 0.000671 seconds.
  path: Assets/Textures/53b43254-0143-0096-512x512.jpg
  artifactKey: Guid(406af7dcf70fc68499d47bb6dcf7e660) Importer(815301076,1909f56bfc062723c751e8b465ee728b)
Start importing Assets/Textures/53b43254-0143-0096-512x512.jpg using Guid(406af7dcf70fc68499d47bb6dcf7e660) Importer(815301076,1909f56bfc062723c751e8b465ee728b)  -> (artifact id: '6da9b2a44d463bbe77e45a99be11d722') in 0.038212 seconds 
========================================================================
Received Import Request.
  Time since last request: 29.376289 seconds.
  path: Assets/Sounds
  artifactKey: Guid(a7e968bbe850cc242b0a0e0104246617) Importer(815301076,1909f56bfc062723c751e8b465ee728b)
Start importing Assets/Sounds using Guid(a7e968bbe850cc242b0a0e0104246617) Importer(815301076,1909f56bfc062723c751e8b465ee728b)  -> (artifact id: 'e88940601a50af2287438a6a508bc475') in 0.007533 seconds 
========================================================================
Received Import Request.
  Time since last request: 0.045823 seconds.
  path: Assets/Sounds/Water1.mp3
  artifactKey: Guid(d3ba7f2f27d2d2b438e934e36933b6f9) Importer(815301076,1909f56bfc062723c751e8b465ee728b)
Start importing Assets/Sounds/Water1.mp3 using Guid(d3ba7f2f27d2d2b438e934e36933b6f9) Importer(815301076,1909f56bfc062723c751e8b465ee728b)  -> (artifact id: '81f7d2217e96b6e796d76ad4959c9c50') in 0.140992 seconds 
========================================================================
Received Import Request.
  Time since last request: 0.000415 seconds.
  path: Assets/Sounds/Water3.mp3
  artifactKey: Guid(3284a66d31d7c5c40883879f7ffc848c) Importer(815301076,1909f56bfc062723c751e8b465ee728b)
Start importing Assets/Sounds/Water3.mp3 using Guid(3284a66d31d7c5c40883879f7ffc848c) Importer(815301076,1909f56bfc062723c751e8b465ee728b)  -> (artifact id: '8824e60f7c1338ef1ab1f4e648f1aaa3') in 0.081375 seconds 
========================================================================
Received Import Request.
  Time since last request: 0.000705 seconds.
  path: Assets/Sounds/Water4.mp3
  artifactKey: Guid(22ff014cbd39f0f4bade0795267c9e1a) Importer(815301076,1909f56bfc062723c751e8b465ee728b)
Start importing Assets/Sounds/Water4.mp3 using Guid(22ff014cbd39f0f4bade0795267c9e1a) Importer(815301076,1909f56bfc062723c751e8b465ee728b)  -> (artifact id: '5a2d2b473fd0e1da499c074ede083cf7') in 0.060187 seconds 
========================================================================
Received Import Request.
  Time since last request: 0.000854 seconds.
  path: Assets/Sounds/Water2.mp3
  artifactKey: Guid(91a65859844417247be442f6767ffd17) Importer(815301076,1909f56bfc062723c751e8b465ee728b)
Start importing Assets/Sounds/Water2.mp3 using Guid(91a65859844417247be442f6767ffd17) Importer(815301076,1909f56bfc062723c751e8b465ee728b)  -> (artifact id: '6e807b302c7492e859d73d0dabf31ca8') in 0.070632 seconds 
========================================================================
Received Import Request.
  Time since last request: 5.791953 seconds.
  path: Assets/Scripts
  artifactKey: Guid(6d9e5137a6b57cb4ebd87f717dfa927c) Importer(815301076,1909f56bfc062723c751e8b465ee728b)
Start importing Assets/Scripts using Guid(6d9e5137a6b57cb4ebd87f717dfa927c) Importer(815301076,1909f56bfc062723c751e8b465ee728b)  -> (artifact id: 'aa6d3a50267aef893c1006de113676c0') in 0.006529 seconds 
========================================================================
Received Import Request.
  Time since last request: 2.027452 seconds.
  path: Assets/Scripts/FootStep.cs
  artifactKey: Guid(f4ee64466d4125d4fadc5ed86ba2d9d9) Importer(815301076,1909f56bfc062723c751e8b465ee728b)
Start importing Assets/Scripts/FootStep.cs using Guid(f4ee64466d4125d4fadc5ed86ba2d9d9) Importer(815301076,1909f56bfc062723c751e8b465ee728b)  -> (artifact id: '6259954306b1ab2e5547d88b16f49044') in 0.007110 seconds 
========================================================================
Received Import Request.
  Time since last request: 35.264612 seconds.
  path: Assets/Other
  artifactKey: Guid(0c54113a48205a14ba759efc9294c43d) Importer(815301076,1909f56bfc062723c751e8b465ee728b)
Start importing Assets/Other using Guid(0c54113a48205a14ba759efc9294c43d) Importer(815301076,1909f56bfc062723c751e8b465ee728b)  -> (artifact id: '0d416ceef9e158e85b873bf78ddb5f37') in 0.005662 seconds 
========================================================================
Received Import Request.
  Time since last request: 2.257528 seconds.
  path: Assets/Other/CrossPlatformInput/Sprites
  artifactKey: Guid(1835e4537efbdd94b93c2dd136860f1d) Importer(815301076,1909f56bfc062723c751e8b465ee728b)
Start importing Assets/Other/CrossPlatformInput/Sprites using Guid(1835e4537efbdd94b93c2dd136860f1d) Importer(815301076,1909f56bfc062723c751e8b465ee728b)  -> (artifact id: '6517a773efba7e25b01bf3909d7c8d92') in 0.006499 seconds 
========================================================================
Received Prepare
Registering precompiled user dll's ...
Registered in 0.003799 seconds.
Begin MonoManager ReloadAssembly
Native extension for WindowsStandalone target not found
Refreshing native plugins compatible for Editor in 0.62 ms, found 2 plugins.
Preloading 0 native plugins for Editor in 0.00 ms.
Mono: successfully reloaded assembly
- Completed reload, in  3.474 seconds
Domain Reload Profiling:
	ReloadAssembly (3475ms)
		BeginReloadAssembly (396ms)
			ExecutionOrderSort (0ms)
			DisableScriptedObjects (18ms)
			BackupInstance (0ms)
			ReleaseScriptingObjects (0ms)
			CreateAndSetChildDomain (104ms)
		EndReloadAssembly (2901ms)
			LoadAssemblies (348ms)
			RebuildTransferFunctionScriptingTraits (0ms)
			SetupTypeCache (891ms)
			ReleaseScriptCaches (2ms)
			RebuildScriptCaches (114ms)
			SetupLoadedEditorAssemblies (1016ms)
				LogAssemblyErrors (0ms)
				InitializePlatformSupportModulesInManaged (9ms)
				SetLoadedEditorAssemblies (1ms)
				RefreshPlugins (1ms)
				BeforeProcessingInitializeOnLoad (185ms)
				ProcessInitializeOnLoadAttributes (752ms)
				ProcessInitializeOnLoadMethodAttributes (58ms)
				AfterProcessingInitializeOnLoad (9ms)
				EditorAssembliesLoaded (1ms)
			ExecutionOrderSort2 (0ms)
			AwakeInstancesAfterBackupRestoration (9ms)
Platform modules already initialized, skipping
Refreshing native plugins compatible for Editor in 2.48 ms, found 2 plugins.
Preloading 0 native plugins for Editor in 0.00 ms.
Unloading 1552 Unused Serialized files (Serialized files now loaded: 0)
System memory in use before: 75.5 MB.
System memory in use after: 75.6 MB.

Unloading 11 unused Assets to reduce memory usage. Loaded Objects now: 2077.
Total: 10.056400 ms (FindLiveObjects: 0.592200 ms CreateObjectMapping: 0.439200 ms MarkObjects: 8.969200 ms  DeleteObjects: 0.053100 ms)

AssetImportParameters requested are different than current active one (requested -> active):
  custom:framework-win-MediaFoundation: 216162199b28c13a410421893ffa2e32 -> 
  custom:video-decoder-ogg-theora: a1e56fd34408186e4bbccfd4996cb3dc -> 
  custom:container-muxer-webm: aa71ff27fc2769a1b78a27578f13a17b -> 
  custom:container-demuxer-webm: 4f35f7cbe854078d1ac9338744f61a02 -> 
  custom:container-demuxer-ogg: 62fdf1f143b41e24485cea50d1cbac27 -> 
  custom:video-encoder-webm-vp8: eb34c28f22e8b96e1ab97ce403110664 -> 
  custom:video-decoder-webm-vp8: 9c59270c3fd7afecdb556c50c9e8de78 -> 
  custom:audio-decoder-ogg-vorbis: bf7c407c2cedff20999df2af8eb42d56 -> 
  custom:audio-encoder-webm-vorbis: bf7c407c2cedff20999df2af8eb42d56 -> 
========================================================================
Received Import Request.
  Time since last request: 250.683839 seconds.
  path: Assets/Textures/White.mat
  artifactKey: Guid(b42d9f46a03c76547aeedd7e7ad6150d) Importer(815301076,1909f56bfc062723c751e8b465ee728b)
Start importing Assets/Textures/White.mat using Guid(b42d9f46a03c76547aeedd7e7ad6150d) Importer(815301076,1909f56bfc062723c751e8b465ee728b)  -> (artifact id: 'dcc102a4e0aa47e93e876a3008ee0f6d') in 0.220951 seconds 
========================================================================
Received Import Request.
  Time since last request: 9.935944 seconds.
  path: Assets/Textures/Black.mat
  artifactKey: Guid(199b86158f9f2da40823437d926b5129) Importer(815301076,1909f56bfc062723c751e8b465ee728b)
Start importing Assets/Textures/Black.mat using Guid(199b86158f9f2da40823437d926b5129) Importer(815301076,1909f56bfc062723c751e8b465ee728b)  -> (artifact id: 'f934803207205e2f83f23cd04e5e43d8') in 0.059192 seconds 
========================================================================
Received Import Request.
  Time since last request: 89.021643 seconds.
  path: Assets/Textures/New Physic Material.physicMaterial
  artifactKey: Guid(28e02e97550b2df4ead58b37b53e2ced) Importer(815301076,1909f56bfc062723c751e8b465ee728b)
Start importing Assets/Textures/New Physic Material.physicMaterial using Guid(28e02e97550b2df4ead58b37b53e2ced) Importer(815301076,1909f56bfc062723c751e8b465ee728b)  -> (artifact id: '754818d7c21527e55b8e052ac95caa51') in 0.015578 seconds 
========================================================================
Received Import Request.
  Time since last request: 25.276150 seconds.
  path: Assets/Textures/New Material.mat
  artifactKey: Guid(23db5066b170fe3408d24e8c4b3a9785) Importer(815301076,1909f56bfc062723c751e8b465ee728b)
Start importing Assets/Textures/New Material.mat using Guid(23db5066b170fe3408d24e8c4b3a9785) Importer(815301076,1909f56bfc062723c751e8b465ee728b)  -> (artifact id: 'cee5ed0331967963b40a5d2577b732e8') in 0.038332 seconds 
========================================================================
Received Prepare
Registering precompiled user dll's ...
Registered in 0.006460 seconds.
Begin MonoManager ReloadAssembly
Native extension for WindowsStandalone target not found
Refreshing native plugins compatible for Editor in 1.85 ms, found 2 plugins.
Preloading 0 native plugins for Editor in 0.00 ms.
Mono: successfully reloaded assembly
- Completed reload, in  4.675 seconds
Domain Reload Profiling:
	ReloadAssembly (4677ms)
		BeginReloadAssembly (604ms)
			ExecutionOrderSort (0ms)
			DisableScriptedObjects (25ms)
			BackupInstance (0ms)
			ReleaseScriptingObjects (0ms)
			CreateAndSetChildDomain (152ms)
		EndReloadAssembly (3755ms)
			LoadAssemblies (603ms)
			RebuildTransferFunctionScriptingTraits (0ms)
			SetupTypeCache (1553ms)
			ReleaseScriptCaches (3ms)
			RebuildScriptCaches (224ms)
			SetupLoadedEditorAssemblies (995ms)
				LogAssemblyErrors (0ms)
				InitializePlatformSupportModulesInManaged (22ms)
				SetLoadedEditorAssemblies (3ms)
				RefreshPlugins (2ms)
				BeforeProcessingInitializeOnLoad (259ms)
				ProcessInitializeOnLoadAttributes (635ms)
				ProcessInitializeOnLoadMethodAttributes (62ms)
				AfterProcessingInitializeOnLoad (10ms)
				EditorAssembliesLoaded (1ms)
			ExecutionOrderSort2 (0ms)
			AwakeInstancesAfterBackupRestoration (7ms)
Platform modules already initialized, skipping
Refreshing native plugins compatible for Editor in 1.28 ms, found 2 plugins.
Preloading 0 native plugins for Editor in 0.00 ms.
Unloading 1552 Unused Serialized files (Serialized files now loaded: 0)
System memory in use before: 75.5 MB.
System memory in use after: 75.7 MB.

Unloading 11 unused Assets to reduce memory usage. Loaded Objects now: 2081.
Total: 8.910900 ms (FindLiveObjects: 0.530200 ms CreateObjectMapping: 0.199900 ms MarkObjects: 8.108000 ms  DeleteObjects: 0.069600 ms)

AssetImportParameters requested are different than current active one (requested -> active):
  custom:framework-win-MediaFoundation: 216162199b28c13a410421893ffa2e32 -> 
  custom:video-decoder-ogg-theora: a1e56fd34408186e4bbccfd4996cb3dc -> 
  custom:container-muxer-webm: aa71ff27fc2769a1b78a27578f13a17b -> 
  custom:container-demuxer-webm: 4f35f7cbe854078d1ac9338744f61a02 -> 
  custom:container-demuxer-ogg: 62fdf1f143b41e24485cea50d1cbac27 -> 
  custom:video-encoder-webm-vp8: eb34c28f22e8b96e1ab97ce403110664 -> 
  custom:video-decoder-webm-vp8: 9c59270c3fd7afecdb556c50c9e8de78 -> 
  custom:audio-decoder-ogg-vorbis: bf7c407c2cedff20999df2af8eb42d56 -> 
  custom:audio-encoder-webm-vorbis: bf7c407c2cedff20999df2af8eb42d56 -> 
========================================================================
Received Import Request.
  Time since last request: 1297.387383 seconds.
  path: Assets/Scripts/Steps.cs
  artifactKey: Guid(6eacd636b36a84e459cda46b2ad8da8b) Importer(815301076,1909f56bfc062723c751e8b465ee728b)
Start importing Assets/Scripts/Steps.cs using Guid(6eacd636b36a84e459cda46b2ad8da8b) Importer(815301076,1909f56bfc062723c751e8b465ee728b)  -> (artifact id: 'a12d2168e65a5833330a5c906dd39222') in 0.008207 seconds 
========================================================================
Received Prepare
Registering precompiled user dll's ...
Registered in 0.006244 seconds.
Begin MonoManager ReloadAssembly
Native extension for WindowsStandalone target not found
Refreshing native plugins compatible for Editor in 0.63 ms, found 2 plugins.
Preloading 0 native plugins for Editor in 0.00 ms.
Mono: successfully reloaded assembly
- Completed reload, in  2.787 seconds
Domain Reload Profiling:
	ReloadAssembly (2788ms)
		BeginReloadAssembly (181ms)
			ExecutionOrderSort (0ms)
			DisableScriptedObjects (6ms)
			BackupInstance (0ms)
			ReleaseScriptingObjects (0ms)
			CreateAndSetChildDomain (42ms)
		EndReloadAssembly (2513ms)
			LoadAssemblies (235ms)
			RebuildTransferFunctionScriptingTraits (0ms)
			SetupTypeCache (1000ms)
			ReleaseScriptCaches (2ms)
			RebuildScriptCaches (133ms)
			SetupLoadedEditorAssemblies (820ms)
				LogAssemblyErrors (0ms)
				InitializePlatformSupportModulesInManaged (11ms)
				SetLoadedEditorAssemblies (1ms)
				RefreshPlugins (1ms)
				BeforeProcessingInitializeOnLoad (182ms)
				ProcessInitializeOnLoadAttributes (568ms)
				ProcessInitializeOnLoadMethodAttributes (48ms)
				AfterProcessingInitializeOnLoad (9ms)
				EditorAssembliesLoaded (1ms)
			ExecutionOrderSort2 (0ms)
			AwakeInstancesAfterBackupRestoration (7ms)
Platform modules already initialized, skipping
Refreshing native plugins compatible for Editor in 1.43 ms, found 2 plugins.
Preloading 0 native plugins for Editor in 0.00 ms.
Unloading 1551 Unused Serialized files (Serialized files now loaded: 0)
System memory in use before: 75.5 MB.
System memory in use after: 75.6 MB.

Unloading 12 unused Assets to reduce memory usage. Loaded Objects now: 2083.
Total: 11.987000 ms (FindLiveObjects: 0.334500 ms CreateObjectMapping: 0.164600 ms MarkObjects: 11.405100 ms  DeleteObjects: 0.078500 ms)

AssetImportParameters requested are different than current active one (requested -> active):
  custom:framework-win-MediaFoundation: 216162199b28c13a410421893ffa2e32 -> 
  custom:video-decoder-ogg-theora: a1e56fd34408186e4bbccfd4996cb3dc -> 
  custom:container-muxer-webm: aa71ff27fc2769a1b78a27578f13a17b -> 
  custom:container-demuxer-webm: 4f35f7cbe854078d1ac9338744f61a02 -> 
  custom:container-demuxer-ogg: 62fdf1f143b41e24485cea50d1cbac27 -> 
  custom:video-encoder-webm-vp8: eb34c28f22e8b96e1ab97ce403110664 -> 
  custom:video-decoder-webm-vp8: 9c59270c3fd7afecdb556c50c9e8de78 -> 
  custom:audio-decoder-ogg-vorbis: bf7c407c2cedff20999df2af8eb42d56 -> 
  custom:audio-encoder-webm-vorbis: bf7c407c2cedff20999df2af8eb42d56 -> 
========================================================================
Received Import Request.
  Time since last request: 121.439943 seconds.
  path: Assets/Scripts/GameManager.cs
  artifactKey: Guid(1495a12e4d898c64194db54346b8fe13) Importer(815301076,1909f56bfc062723c751e8b465ee728b)
Start importing Assets/Scripts/GameManager.cs using Guid(1495a12e4d898c64194db54346b8fe13) Importer(815301076,1909f56bfc062723c751e8b465ee728b)  -> (artifact id: '80d9a03da45c43c6334b5be57d4227b2') in 0.014030 seconds 
========================================================================
Received Prepare
Registering precompiled user dll's ...
Registered in 0.005939 seconds.
Begin MonoManager ReloadAssembly
Native extension for WindowsStandalone target not found
Refreshing native plugins compatible for Editor in 0.37 ms, found 2 plugins.
Preloading 0 native plugins for Editor in 0.00 ms.
Mono: successfully reloaded assembly
- Completed reload, in  1.941 seconds
Domain Reload Profiling:
	ReloadAssembly (1943ms)
		BeginReloadAssembly (477ms)
			ExecutionOrderSort (0ms)
			DisableScriptedObjects (22ms)
			BackupInstance (0ms)
			ReleaseScriptingObjects (0ms)
			CreateAndSetChildDomain (132ms)
		EndReloadAssembly (1263ms)
			LoadAssemblies (395ms)
			RebuildTransferFunctionScriptingTraits (0ms)
			SetupTypeCache (399ms)
			ReleaseScriptCaches (1ms)
			RebuildScriptCaches (64ms)
			SetupLoadedEditorAssemblies (471ms)
				LogAssemblyErrors (0ms)
				InitializePlatformSupportModulesInManaged (5ms)
				SetLoadedEditorAssemblies (1ms)
				RefreshPlugins (0ms)
				BeforeProcessingInitializeOnLoad (89ms)
				ProcessInitializeOnLoadAttributes (354ms)
				ProcessInitializeOnLoadMethodAttributes (18ms)
				AfterProcessingInitializeOnLoad (4ms)
				EditorAssembliesLoaded (0ms)
			ExecutionOrderSort2 (0ms)
			AwakeInstancesAfterBackupRestoration (3ms)
Platform modules already initialized, skipping
Refreshing native plugins compatible for Editor in 0.63 ms, found 2 plugins.
Preloading 0 native plugins for Editor in 0.00 ms.
Unloading 1551 Unused Serialized files (Serialized files now loaded: 0)
System memory in use before: 75.5 MB.
System memory in use after: 75.6 MB.

Unloading 11 unused Assets to reduce memory usage. Loaded Objects now: 2086.
Total: 5.427400 ms (FindLiveObjects: 0.325100 ms CreateObjectMapping: 0.137600 ms MarkObjects: 4.925800 ms  DeleteObjects: 0.037800 ms)

AssetImportParameters requested are different than current active one (requested -> active):
  custom:framework-win-MediaFoundation: 216162199b28c13a410421893ffa2e32 -> 
  custom:video-decoder-ogg-theora: a1e56fd34408186e4bbccfd4996cb3dc -> 
  custom:container-muxer-webm: aa71ff27fc2769a1b78a27578f13a17b -> 
  custom:container-demuxer-webm: 4f35f7cbe854078d1ac9338744f61a02 -> 
  custom:container-demuxer-ogg: 62fdf1f143b41e24485cea50d1cbac27 -> 
  custom:video-encoder-webm-vp8: eb34c28f22e8b96e1ab97ce403110664 -> 
  custom:video-decoder-webm-vp8: 9c59270c3fd7afecdb556c50c9e8de78 -> 
  custom:audio-decoder-ogg-vorbis: bf7c407c2cedff20999df2af8eb42d56 -> 
  custom:audio-encoder-webm-vorbis: bf7c407c2cedff20999df2af8eb42d56 -> 
========================================================================
Received Prepare
Registering precompiled user dll's ...
Registered in 0.004152 seconds.
Begin MonoManager ReloadAssembly
Native extension for WindowsStandalone target not found
Refreshing native plugins compatible for Editor in 0.80 ms, found 2 plugins.
Preloading 0 native plugins for Editor in 0.00 ms.
Mono: successfully reloaded assembly
- Completed reload, in  2.787 seconds
Domain Reload Profiling:
	ReloadAssembly (2788ms)
		BeginReloadAssembly (155ms)
			ExecutionOrderSort (0ms)
			DisableScriptedObjects (7ms)
			BackupInstance (0ms)
			ReleaseScriptingObjects (0ms)
			CreateAndSetChildDomain (39ms)
		EndReloadAssembly (2524ms)
			LoadAssemblies (157ms)
			RebuildTransferFunctionScriptingTraits (0ms)
			SetupTypeCache (773ms)
			ReleaseScriptCaches (2ms)
			RebuildScriptCaches (126ms)
			SetupLoadedEditorAssemblies (1096ms)
				LogAssemblyErrors (0ms)
				InitializePlatformSupportModulesInManaged (14ms)
				SetLoadedEditorAssemblies (2ms)
				RefreshPlugins (1ms)
				BeforeProcessingInitializeOnLoad (270ms)
				ProcessInitializeOnLoadAttributes (731ms)
				ProcessInitializeOnLoadMethodAttributes (62ms)
				AfterProcessingInitializeOnLoad (15ms)
				EditorAssembliesLoaded (1ms)
			ExecutionOrderSort2 (0ms)
			AwakeInstancesAfterBackupRestoration (10ms)
Platform modules already initialized, skipping
Refreshing native plugins compatible for Editor in 1.61 ms, found 2 plugins.
Preloading 0 native plugins for Editor in 0.00 ms.
Unloading 1551 Unused Serialized files (Serialized files now loaded: 0)
System memory in use before: 75.5 MB.
System memory in use after: 75.6 MB.

Unloading 11 unused Assets to reduce memory usage. Loaded Objects now: 2089.
Total: 14.615600 ms (FindLiveObjects: 0.457300 ms CreateObjectMapping: 0.207400 ms MarkObjects: 13.857300 ms  DeleteObjects: 0.090500 ms)

AssetImportParameters requested are different than current active one (requested -> active):
  custom:framework-win-MediaFoundation: 216162199b28c13a410421893ffa2e32 -> 
  custom:video-decoder-ogg-theora: a1e56fd34408186e4bbccfd4996cb3dc -> 
  custom:container-muxer-webm: aa71ff27fc2769a1b78a27578f13a17b -> 
  custom:container-demuxer-webm: 4f35f7cbe854078d1ac9338744f61a02 -> 
  custom:container-demuxer-ogg: 62fdf1f143b41e24485cea50d1cbac27 -> 
  custom:video-encoder-webm-vp8: eb34c28f22e8b96e1ab97ce403110664 -> 
  custom:video-decoder-webm-vp8: 9c59270c3fd7afecdb556c50c9e8de78 -> 
  custom:audio-decoder-ogg-vorbis: bf7c407c2cedff20999df2af8eb42d56 -> 
  custom:audio-encoder-webm-vorbis: bf7c407c2cedff20999df2af8eb42d56 -> 
========================================================================
Received Import Request.
  Time since last request: 28.258600 seconds.
  path: Assets/Prefabs
  artifactKey: Guid(ce6dca584f528444f85f1b1fdc72522e) Importer(815301076,1909f56bfc062723c751e8b465ee728b)
Start importing Assets/Prefabs using Guid(ce6dca584f528444f85f1b1fdc72522e) Importer(815301076,1909f56bfc062723c751e8b465ee728b)  -> (artifact id: '27c9a33082c74b72b6af523e2bb7b743') in 0.012137 seconds 
========================================================================
Received Import Request.
  Time since last request: 0.040095 seconds.
  path: Assets/Prefabs/Finish.prefab
  artifactKey: Guid(b6a7635178008d84780d9cdc6eab06f1) Importer(815301076,1909f56bfc062723c751e8b465ee728b)
Start importing Assets/Prefabs/Finish.prefab using Guid(b6a7635178008d84780d9cdc6eab06f1) Importer(815301076,1909f56bfc062723c751e8b465ee728b)  -> (artifact id: '77164a912fbd2a51b91c7c046e1cfdd2') in 0.070938 seconds 
========================================================================
Received Import Request.
  Time since last request: 0.000697 seconds.
  path: Assets/Prefabs/Start.prefab
  artifactKey: Guid(e09f2c78a9917ea478eb4a8a0a80ca5d) Importer(815301076,1909f56bfc062723c751e8b465ee728b)
Start importing Assets/Prefabs/Start.prefab using Guid(e09f2c78a9917ea478eb4a8a0a80ca5d) Importer(815301076,1909f56bfc062723c751e8b465ee728b)  -> (artifact id: 'bfd7a249b1319a624f75b63c3192e35a') in 0.016001 seconds 
========================================================================
Received Import Request.
  Time since last request: 15.581268 seconds.
  path: Assets/Models
  artifactKey: Guid(228df1c4d72576e47aae53638755a474) Importer(815301076,1909f56bfc062723c751e8b465ee728b)
Start importing Assets/Models using Guid(228df1c4d72576e47aae53638755a474) Importer(815301076,1909f56bfc062723c751e8b465ee728b)  -> (artifact id: 'd31ec8e6dc07169368e163cdf8d9aac9') in 0.005459 seconds 
========================================================================
Received Import Request.
  Time since last request: 1.076134 seconds.
  path: Assets/Models/Materials
  artifactKey: Guid(f9590cdbf07011c4eb7c5a9df5605031) Importer(815301076,1909f56bfc062723c751e8b465ee728b)
Start importing Assets/Models/Materials using Guid(f9590cdbf07011c4eb7c5a9df5605031) Importer(815301076,1909f56bfc062723c751e8b465ee728b)  -> (artifact id: '0cf53a2fbd2b563b22dd7e419ef8c071') in 0.005934 seconds 
========================================================================
Received Import Request.
  Time since last request: 0.052930 seconds.
  path: Assets/Models/Materials/Terrain.mat
  artifactKey: Guid(ffb056549c9a8a443b67beb971bbb224) Importer(815301076,1909f56bfc062723c751e8b465ee728b)
Start importing Assets/Models/Materials/Terrain.mat using Guid(ffb056549c9a8a443b67beb971bbb224) Importer(815301076,1909f56bfc062723c751e8b465ee728b)  -> (artifact id: 'b9a1cc1d0fd977a5fa9f387c64064a63') in 0.209563 seconds 
========================================================================
Received Import Request.
  Time since last request: 0.000702 seconds.
  path: Assets/Models/Materials/Water.mat
  artifactKey: Guid(3dd60d13a8482a044a22b3416a2d1d7f) Importer(815301076,1909f56bfc062723c751e8b465ee728b)
Start importing Assets/Models/Materials/Water.mat using Guid(3dd60d13a8482a044a22b3416a2d1d7f) Importer(815301076,1909f56bfc062723c751e8b465ee728b)  -> (artifact id: '5d8d47761f834729e87c5c321d8ce5c4') in 0.055428 seconds 
========================================================================
Received Import Request.
  Time since last request: 11.249445 seconds.
  path: Assets/Materials
  artifactKey: Guid(285f8e09cdbad1a4ca725107cfe256f1) Importer(815301076,1909f56bfc062723c751e8b465ee728b)
Start importing Assets/Materials using Guid(285f8e09cdbad1a4ca725107cfe256f1) Importer(815301076,1909f56bfc062723c751e8b465ee728b)  -> (artifact id: 'a98a0fccf294dd00f9f6d9d955f9bce7') in 0.005814 seconds 
========================================================================
Received Import Request.
  Time since last request: 0.063662 seconds.
  path: Assets/Materials/53b43254-0143-0096-512x512.mat
  artifactKey: Guid(6220a6c1cfc993f47a3e5d4db9beaed4) Importer(815301076,1909f56bfc062723c751e8b465ee728b)
Start importing Assets/Materials/53b43254-0143-0096-512x512.mat using Guid(6220a6c1cfc993f47a3e5d4db9beaed4) Importer(815301076,1909f56bfc062723c751e8b465ee728b)  -> (artifact id: '07d32e2e260111581855ba020e792bda') in 0.026233 seconds 
========================================================================
Received Import Request.
  Time since last request: 0.000609 seconds.
  path: Assets/Materials/art-concrete-texture-background-black-1106646.mat
  artifactKey: Guid(b0a097d10a0333c419788bfab373ee37) Importer(815301076,1909f56bfc062723c751e8b465ee728b)
Start importing Assets/Materials/art-concrete-texture-background-black-1106646.mat using Guid(b0a097d10a0333c419788bfab373ee37) Importer(815301076,1909f56bfc062723c751e8b465ee728b)  -> (artifact id: '82ddbc73bc19e4ddb195d935ed996285') in 0.126525 seconds 
========================================================================
Received Import Request.
  Time since last request: 0.000360 seconds.
  path: Assets/Materials/stepwood_1.wav
  artifactKey: Guid(db872c1979fe00341bad2addab681762) Importer(815301076,1909f56bfc062723c751e8b465ee728b)
Start importing Assets/Materials/stepwood_1.wav using Guid(db872c1979fe00341bad2addab681762) Importer(815301076,1909f56bfc062723c751e8b465ee728b)  -> (artifact id: 'd28ea3af79c05ec9b0fdcd3e32cd559a') in 0.080749 seconds 
========================================================================
Received Import Request.
  Time since last request: 0.000751 seconds.
  path: Assets/Materials/Flag.mat
  artifactKey: Guid(5cab2a33b70de6049b596eeb7ead0c53) Importer(815301076,1909f56bfc062723c751e8b465ee728b)
Start importing Assets/Materials/Flag.mat using Guid(5cab2a33b70de6049b596eeb7ead0c53) Importer(815301076,1909f56bfc062723c751e8b465ee728b)  -> (artifact id: '9fc10f925d0410bc133fcad48afb6354') in 0.064062 seconds 
========================================================================
Received Import Request.
  Time since last request: 0.000883 seconds.
  path: Assets/Materials/Ground.mat
  artifactKey: Guid(335bdd5367e5dfb4a9fd916aedeaf2ac) Importer(815301076,1909f56bfc062723c751e8b465ee728b)
Start importing Assets/Materials/Ground.mat using Guid(335bdd5367e5dfb4a9fd916aedeaf2ac) Importer(815301076,1909f56bfc062723c751e8b465ee728b)  -> (artifact id: '27750f7d195d704e2fe4174d2521c46f') in 0.051698 seconds 
========================================================================
Received Import Request.
  Time since last request: 0.001254 seconds.
  path: Assets/Materials/WoodFine0058_30_350.mat
  artifactKey: Guid(7827c5d50f1d0d64cb0d8800351e3be8) Importer(815301076,1909f56bfc062723c751e8b465ee728b)
Start importing Assets/Materials/WoodFine0058_30_350.mat using Guid(7827c5d50f1d0d64cb0d8800351e3be8) Importer(815301076,1909f56bfc062723c751e8b465ee728b)  -> (artifact id: 'ae42e6afe7f26ea2f75010d58e5d1e8b') in 0.042582 seconds 
========================================================================
Received Import Request.
  Time since last request: 0.000937 seconds.
  path: Assets/Materials/stepwood_2.wav
  artifactKey: Guid(06989b4a68150974480e298e8f940642) Importer(815301076,1909f56bfc062723c751e8b465ee728b)
Start importing Assets/Materials/stepwood_2.wav using Guid(06989b4a68150974480e298e8f940642) Importer(815301076,1909f56bfc062723c751e8b465ee728b)  -> (artifact id: 'c527c01e3b7c7d0afd8fdab710669ace') in 0.059559 seconds 
========================================================================
Received Import Request.
  Time since last request: 16.348700 seconds.
  path: Assets/LevelsScenes
  artifactKey: Guid(9f977640c9f739f48af3f190cf9398e2) Importer(815301076,1909f56bfc062723c751e8b465ee728b)
Start importing Assets/LevelsScenes using Guid(9f977640c9f739f48af3f190cf9398e2) Importer(815301076,1909f56bfc062723c751e8b465ee728b)  -> (artifact id: '102fac9546317c54696e803aaa878742') in 0.006204 seconds 
========================================================================
Received Import Request.
  Time since last request: 4.191897 seconds.
  path: Assets/CodeMonkey
  artifactKey: Guid(16b451a71f8c5644886a3d83a5a80de7) Importer(815301076,1909f56bfc062723c751e8b465ee728b)
Start importing Assets/CodeMonkey using Guid(16b451a71f8c5644886a3d83a5a80de7) Importer(815301076,1909f56bfc062723c751e8b465ee728b)  -> (artifact id: '1832475f8db39e08af1d805d110b84bd') in 0.106596 seconds 
========================================================================
Received Import Request.
  Time since last request: 2.173502 seconds.
  path: Assets/CodeMonkey/Assets
  artifactKey: Guid(87d70cfb1e610ac4dadb3551cb1dc28b) Importer(815301076,1909f56bfc062723c751e8b465ee728b)
Start importing Assets/CodeMonkey/Assets using Guid(87d70cfb1e610ac4dadb3551cb1dc28b) Importer(815301076,1909f56bfc062723c751e8b465ee728b)  -> (artifact id: '2e2eba4ea591a8e9041429653a629a8b') in 0.008008 seconds 
========================================================================
Received Import Request.
  Time since last request: 0.198674 seconds.
  path: Assets/CodeMonkey/Assets/Circle.png
  artifactKey: Guid(a0e35f6b808bb7447826cc6c69ffe448) Importer(815301076,1909f56bfc062723c751e8b465ee728b)
Start importing Assets/CodeMonkey/Assets/Circle.png using Guid(a0e35f6b808bb7447826cc6c69ffe448) Importer(815301076,1909f56bfc062723c751e8b465ee728b)  -> (artifact id: '43317659bc2bade46518b0fef774237b') in 0.100370 seconds 
========================================================================
Received Import Request.
  Time since last request: 0.000494 seconds.
  path: Assets/CodeMonkey/Assets/White_1x1.png
  artifactKey: Guid(170577bce7cbda144b82578f81308d23) Importer(815301076,1909f56bfc062723c751e8b465ee728b)
Start importing Assets/CodeMonkey/Assets/White_1x1.png using Guid(170577bce7cbda144b82578f81308d23) Importer(815301076,1909f56bfc062723c751e8b465ee728b)  -> (artifact id: '8693f74c374f9a9fdc7ff31f2343a04b') in 0.047241 seconds 
========================================================================
Received Import Request.
  Time since last request: 0.000669 seconds.
  path: Assets/CodeMonkey/Assets/White_1x1.mat
  artifactKey: Guid(7d5e8e2c082a4c44a9abd7d650cf0a15) Importer(815301076,1909f56bfc062723c751e8b465ee728b)
Start importing Assets/CodeMonkey/Assets/White_1x1.mat using Guid(7d5e8e2c082a4c44a9abd7d650cf0a15) Importer(815301076,1909f56bfc062723c751e8b465ee728b)  -> (artifact id: '59c6622c20b6bc253334370740268f4e') in 0.129202 seconds 
========================================================================
Received Import Request.
  Time since last request: 2.279236 seconds.
  path: Assets/CodeMonkey/MonoBehaviours
  artifactKey: Guid(5abf4c77cbf61d94995a40be42eeaee0) Importer(815301076,1909f56bfc062723c751e8b465ee728b)
Start importing Assets/CodeMonkey/MonoBehaviours using Guid(5abf4c77cbf61d94995a40be42eeaee0) Importer(815301076,1909f56bfc062723c751e8b465ee728b)  -> (artifact id: 'cda1f05f3cd1ee6d77c42e275b90f74f') in 0.007210 seconds 
========================================================================
Received Import Request.
  Time since last request: 1.436248 seconds.
  path: Assets/CodeMonkey/MonoBehaviours/CameraFollow.cs
  artifactKey: Guid(f73a3eab49f30d344a207d7d3d931d98) Importer(815301076,1909f56bfc062723c751e8b465ee728b)
Start importing Assets/CodeMonkey/MonoBehaviours/CameraFollow.cs using Guid(f73a3eab49f30d344a207d7d3d931d98) Importer(815301076,1909f56bfc062723c751e8b465ee728b)  -> (artifact id: '77a16d09e4c9c47b6296657899415304') in 0.003856 seconds 
========================================================================
Received Import Request.
  Time since last request: 0.935530 seconds.
  path: Assets/CodeMonkey/MonoBehaviours/CameraFollowSetup.cs
  artifactKey: Guid(31e947e7eb3216d40b72c592fa6847a3) Importer(815301076,1909f56bfc062723c751e8b465ee728b)
Start importing Assets/CodeMonkey/MonoBehaviours/CameraFollowSetup.cs using Guid(31e947e7eb3216d40b72c592fa6847a3) Importer(815301076,1909f56bfc062723c751e8b465ee728b)  -> (artifact id: '260cbde3879710e4bf27b69c26d87f31') in 0.005872 seconds 
========================================================================
Received Import Request.
  Time since last request: 0.667586 seconds.
  path: Assets/CodeMonkey/MonoBehaviours/ComponentActions.cs
  artifactKey: Guid(cb3e855e7fda2944b91078893f9e8fd8) Importer(815301076,1909f56bfc062723c751e8b465ee728b)
Start importing Assets/CodeMonkey/MonoBehaviours/ComponentActions.cs using Guid(cb3e855e7fda2944b91078893f9e8fd8) Importer(815301076,1909f56bfc062723c751e8b465ee728b)  -> (artifact id: '3a8982089b12ef609ee134996e4b628f') in 0.005199 seconds 
========================================================================
Received Prepare
Registering precompiled user dll's ...
Registered in 0.005966 seconds.
Begin MonoManager ReloadAssembly
Native extension for WindowsStandalone target not found
Refreshing native plugins compatible for Editor in 0.55 ms, found 2 plugins.
Preloading 0 native plugins for Editor in 0.00 ms.
Mono: successfully reloaded assembly
- Completed reload, in  2.931 seconds
Domain Reload Profiling:
	ReloadAssembly (2933ms)
		BeginReloadAssembly (423ms)
			ExecutionOrderSort (0ms)
			DisableScriptedObjects (18ms)
			BackupInstance (0ms)
			ReleaseScriptingObjects (0ms)
			CreateAndSetChildDomain (104ms)
		EndReloadAssembly (2292ms)
			LoadAssemblies (397ms)
			RebuildTransferFunctionScriptingTraits (0ms)
			SetupTypeCache (950ms)
			ReleaseScriptCaches (2ms)
			RebuildScriptCaches (152ms)
			SetupLoadedEditorAssemblies (649ms)
				LogAssemblyErrors (0ms)
				InitializePlatformSupportModulesInManaged (13ms)
				SetLoadedEditorAssemblies (1ms)
				RefreshPlugins (1ms)
				BeforeProcessingInitializeOnLoad (160ms)
				ProcessInitializeOnLoadAttributes (438ms)
				ProcessInitializeOnLoadMethodAttributes (32ms)
				AfterProcessingInitializeOnLoad (4ms)
				EditorAssembliesLoaded (0ms)
			ExecutionOrderSort2 (0ms)
			AwakeInstancesAfterBackupRestoration (3ms)
Platform modules already initialized, skipping
Refreshing native plugins compatible for Editor in 0.78 ms, found 2 plugins.
Preloading 0 native plugins for Editor in 0.00 ms.
Unloading 1551 Unused Serialized files (Serialized files now loaded: 0)
System memory in use before: 75.6 MB.
System memory in use after: 75.7 MB.

Unloading 11 unused Assets to reduce memory usage. Loaded Objects now: 2098.
Total: 6.949500 ms (FindLiveObjects: 0.429000 ms CreateObjectMapping: 0.228600 ms MarkObjects: 6.239100 ms  DeleteObjects: 0.050900 ms)

AssetImportParameters requested are different than current active one (requested -> active):
  custom:framework-win-MediaFoundation: 216162199b28c13a410421893ffa2e32 -> 
  custom:video-decoder-ogg-theora: a1e56fd34408186e4bbccfd4996cb3dc -> 
  custom:container-muxer-webm: aa71ff27fc2769a1b78a27578f13a17b -> 
  custom:container-demuxer-webm: 4f35f7cbe854078d1ac9338744f61a02 -> 
  custom:container-demuxer-ogg: 62fdf1f143b41e24485cea50d1cbac27 -> 
  custom:video-encoder-webm-vp8: eb34c28f22e8b96e1ab97ce403110664 -> 
  custom:video-decoder-webm-vp8: 9c59270c3fd7afecdb556c50c9e8de78 -> 
  custom:audio-decoder-ogg-vorbis: bf7c407c2cedff20999df2af8eb42d56 -> 
  custom:audio-encoder-webm-vorbis: bf7c407c2cedff20999df2af8eb42d56 -> 
========================================================================
Received Import Request.
  Time since last request: 269.983998 seconds.
  path: Assets/Finish.cs
  artifactKey: Guid(4cba3f674eaade245b0c132af4c321da) Importer(815301076,1909f56bfc062723c751e8b465ee728b)
Start importing Assets/Finish.cs using Guid(4cba3f674eaade245b0c132af4c321da) Importer(815301076,1909f56bfc062723c751e8b465ee728b)  -> (artifact id: 'facda9c64d93a14a01177cab8fe0bf17') in 0.069443 seconds 
